04:00:22 **** Incremental Build of configuration Debug for project Ejercicio2-4 ****
Info: Internal Builder is used for build
gcc -O0 -g3 -Wall -c -fmessage-length=0 -o "src\\Ejercicio2-4.o" "..\\src\\Ejercicio2-4.c" 
..\src\Ejercicio2-4.c: In function 'main':
..\src\Ejercicio2-4.c:21:7: warning: unused variable 'genero' [-Wunused-variable]
  char genero;
       ^~~~~~
..\src\Ejercicio2-4.c:20:8: warning: unused variable 'temperatura' [-Wunused-variable]
  float temperatura;
        ^~~~~~~~~~~
..\src\Ejercicio2-4.c:19:6: warning: unused variable 'edad' [-Wunused-variable]
  int edad;
      ^~~~
..\src\Ejercicio2-4.c:18:7: warning: unused variable 'estadoCivil' [-Wunused-variable]
  char estadoCivil;
       ^~~~~~~~~~~
..\src\Ejercicio2-4.c:17:6: warning: unused variable 'numeroCliente' [-Wunused-variable]
  int numeroCliente;
      ^~~~~~~~~~~~~
gcc -o Ejercicio2-4.exe "src\\Ejercicio2-4.o" 

04:00:23 Build Finished. 0 errors, 5 warnings. (took 627ms)

